Analysis & Synthesis report for ssr-verilog
Fri Dec 04 10:21:19 2020
Quartus Prime Version 20.1.0 Build 711 06/05/2020 SJ Lite Edition


---------------------
; Table of Contents ;
---------------------
  1. Legal Notice
  2. Analysis & Synthesis Summary
  3. Analysis & Synthesis Settings
  4. Parallel Compilation
  5. Analysis & Synthesis Source Files Read
  6. Analysis & Synthesis Resource Usage Summary
  7. Analysis & Synthesis Resource Utilization by Entity
  8. General Register Statistics
  9. Port Connectivity Checks: "display_7segmentos:segundos2"
 10. Port Connectivity Checks: "display_7segmentos:segundos1"
 11. Port Connectivity Checks: "display_7segmentos:minutos"
 12. Port Connectivity Checks: "temporizador_3min:espera_habilitador|contador_modulo3:mod3|ff_jk:ff1"
 13. Port Connectivity Checks: "temporizador_3min:espera_habilitador|contador_modulo5:mod5|ff_jk:ff1"
 14. Port Connectivity Checks: "contador_modulo2:estado_saida|ff_jk:ff1"
 15. Port Connectivity Checks: "contador_decadico:dig4_sistema"
 16. Port Connectivity Checks: "display_7segmentos:dig4_display"
 17. Port Connectivity Checks: "contador_decadico:dig3_sistema"
 18. Port Connectivity Checks: "display_7segmentos:dig3_display"
 19. Port Connectivity Checks: "contador_decadico:dig2_sistema"
 20. Port Connectivity Checks: "display_7segmentos:dig2_display"
 21. Port Connectivity Checks: "contador_decadico:dig1_sistema"
 22. Port Connectivity Checks: "display_7segmentos:dig1_display"
 23. Port Connectivity Checks: "contador_decadico:dig1_usuario|ff_jk:ff1"
 24. Post-Synthesis Netlist Statistics for Top Partition
 25. Elapsed Time Per Partition
 26. Analysis & Synthesis Messages
 27. Analysis & Synthesis Suppressed Messages



----------------
; Legal Notice ;
----------------
Copyright (C) 2020  Intel Corporation. All rights reserved.
Your use of Intel Corporation's design tools, logic functions 
and other software and tools, and any partner logic 
functions, and any output files from any of the foregoing 
(including device programming or simulation files), and any 
associated documentation or information are expressly subject 
to the terms and conditions of the Intel Program License 
Subscription Agreement, the Intel Quartus Prime License Agreement,
the Intel FPGA IP License Agreement, or other applicable license
agreement, including, without limitation, that your use is for
the sole purpose of programming logic devices manufactured by
Intel and sold by Intel or its authorized distributors.  Please
refer to the applicable agreement for further details, at
https://fpgasoftware.intel.com/eula.



+----------------------------------------------------------------------------------+
; Analysis & Synthesis Summary                                                     ;
+------------------------------------+---------------------------------------------+
; Analysis & Synthesis Status        ; Successful - Fri Dec 04 10:21:19 2020       ;
; Quartus Prime Version              ; 20.1.0 Build 711 06/05/2020 SJ Lite Edition ;
; Revision Name                      ; ssr-verilog                                 ;
; Top-level Entity Name              ; entrada_senha                               ;
; Family                             ; Cyclone IV E                                ;
; Total logic elements               ; 74                                          ;
;     Total combinational functions  ; 74                                          ;
;     Dedicated logic registers      ; 43                                          ;
; Total registers                    ; 43                                          ;
; Total pins                         ; 10                                          ;
; Total virtual pins                 ; 0                                           ;
; Total memory bits                  ; 0                                           ;
; Embedded Multiplier 9-bit elements ; 0                                           ;
; Total PLLs                         ; 0                                           ;
+------------------------------------+---------------------------------------------+


+------------------------------------------------------------------------------------------------------------+
; Analysis & Synthesis Settings                                                                              ;
+------------------------------------------------------------------+--------------------+--------------------+
; Option                                                           ; Setting            ; Default Value      ;
+------------------------------------------------------------------+--------------------+--------------------+
; Device                                                           ; EP4CE75F23I8L      ;                    ;
; Top-level entity name                                            ; entrada_senha      ; ssr-verilog        ;
; Family name                                                      ; Cyclone IV E       ; Cyclone V          ;
; Use smart compilation                                            ; Off                ; Off                ;
; Enable parallel Assembler and Timing Analyzer during compilation ; On                 ; On                 ;
; Enable compact report table                                      ; Off                ; Off                ;
; Restructure Multiplexers                                         ; Auto               ; Auto               ;
; Create Debugging Nodes for IP Cores                              ; Off                ; Off                ;
; Preserve fewer node names                                        ; On                 ; On                 ;
; Intel FPGA IP Evaluation Mode                                    ; Enable             ; Enable             ;
; Verilog Version                                                  ; Verilog_2001       ; Verilog_2001       ;
; VHDL Version                                                     ; VHDL_1993          ; VHDL_1993          ;
; State Machine Processing                                         ; Auto               ; Auto               ;
; Safe State Machine                                               ; Off                ; Off                ;
; Extract Verilog State Machines                                   ; On                 ; On                 ;
; Extract VHDL State Machines                                      ; On                 ; On                 ;
; Ignore Verilog initial constructs                                ; Off                ; Off                ;
; Iteration limit for constant Verilog loops                       ; 5000               ; 5000               ;
; Iteration limit for non-constant Verilog loops                   ; 250                ; 250                ;
; Add Pass-Through Logic to Inferred RAMs                          ; On                 ; On                 ;
; Infer RAMs from Raw Logic                                        ; On                 ; On                 ;
; Parallel Synthesis                                               ; On                 ; On                 ;
; DSP Block Balancing                                              ; Auto               ; Auto               ;
; NOT Gate Push-Back                                               ; On                 ; On                 ;
; Power-Up Don't Care                                              ; On                 ; On                 ;
; Remove Redundant Logic Cells                                     ; Off                ; Off                ;
; Remove Duplicate Registers                                       ; On                 ; On                 ;
; Ignore CARRY Buffers                                             ; Off                ; Off                ;
; Ignore CASCADE Buffers                                           ; Off                ; Off                ;
; Ignore GLOBAL Buffers                                            ; Off                ; Off                ;
; Ignore ROW GLOBAL Buffers                                        ; Off                ; Off                ;
; Ignore LCELL Buffers                                             ; Off                ; Off                ;
; Ignore SOFT Buffers                                              ; On                 ; On                 ;
; Limit AHDL Integers to 32 Bits                                   ; Off                ; Off                ;
; Optimization Technique                                           ; Balanced           ; Balanced           ;
; Carry Chain Length                                               ; 70                 ; 70                 ;
; Auto Carry Chains                                                ; On                 ; On                 ;
; Auto Open-Drain Pins                                             ; On                 ; On                 ;
; Perform WYSIWYG Primitive Resynthesis                            ; Off                ; Off                ;
; Auto ROM Replacement                                             ; On                 ; On                 ;
; Auto RAM Replacement                                             ; On                 ; On                 ;
; Auto DSP Block Replacement                                       ; On                 ; On                 ;
; Auto Shift Register Replacement                                  ; Auto               ; Auto               ;
; Allow Shift Register Merging across Hierarchies                  ; Auto               ; Auto               ;
; Auto Clock Enable Replacement                                    ; On                 ; On                 ;
; Strict RAM Replacement                                           ; Off                ; Off                ;
; Allow Synchronous Control Signals                                ; On                 ; On                 ;
; Force Use of Synchronous Clear Signals                           ; Off                ; Off                ;
; Auto RAM Block Balancing                                         ; On                 ; On                 ;
; Auto RAM to Logic Cell Conversion                                ; Off                ; Off                ;
; Auto Resource Sharing                                            ; Off                ; Off                ;
; Allow Any RAM Size For Recognition                               ; Off                ; Off                ;
; Allow Any ROM Size For Recognition                               ; Off                ; Off                ;
; Allow Any Shift Register Size For Recognition                    ; Off                ; Off                ;
; Use LogicLock Constraints during Resource Balancing              ; On                 ; On                 ;
; Ignore translate_off and synthesis_off directives                ; Off                ; Off                ;
; Timing-Driven Synthesis                                          ; On                 ; On                 ;
; Report Parameter Settings                                        ; On                 ; On                 ;
; Report Source Assignments                                        ; On                 ; On                 ;
; Report Connectivity Checks                                       ; On                 ; On                 ;
; Ignore Maximum Fan-Out Assignments                               ; Off                ; Off                ;
; Synchronization Register Chain Length                            ; 2                  ; 2                  ;
; Power Optimization During Synthesis                              ; Normal compilation ; Normal compilation ;
; HDL message level                                                ; Level2             ; Level2             ;
; Suppress Register Optimization Related Messages                  ; Off                ; Off                ;
; Number of Removed Registers Reported in Synthesis Report         ; 5000               ; 5000               ;
; Number of Swept Nodes Reported in Synthesis Report               ; 5000               ; 5000               ;
; Number of Inverted Registers Reported in Synthesis Report        ; 100                ; 100                ;
; Clock MUX Protection                                             ; On                 ; On                 ;
; Auto Gated Clock Conversion                                      ; Off                ; Off                ;
; Block Design Naming                                              ; Auto               ; Auto               ;
; SDC constraint protection                                        ; Off                ; Off                ;
; Synthesis Effort                                                 ; Auto               ; Auto               ;
; Shift Register Replacement - Allow Asynchronous Clear Signal     ; On                 ; On                 ;
; Pre-Mapping Resynthesis Optimization                             ; Off                ; Off                ;
; Analysis & Synthesis Message Level                               ; Medium             ; Medium             ;
; Disable Register Merging Across Hierarchies                      ; Auto               ; Auto               ;
; Resource Aware Inference For Block RAM                           ; On                 ; On                 ;
+------------------------------------------------------------------+--------------------+--------------------+


+------------------------------------------+
; Parallel Compilation                     ;
+----------------------------+-------------+
; Processors                 ; Number      ;
+----------------------------+-------------+
; Number detected on machine ; 4           ;
; Maximum allowed            ; 2           ;
;                            ;             ;
; Average used               ; 1.00        ;
; Maximum used               ; 2           ;
;                            ;             ;
; Usage by Processor         ; % Time Used ;
;     Processor 1            ; 100.0%      ;
;     Processor 2            ;   0.1%      ;
+----------------------------+-------------+


+----------------------------------------------------------------------------------------------------------------------------------------------------------------------------------+
; Analysis & Synthesis Source Files Read                                                                                                                                           ;
+----------------------------------+-----------------+------------------------+------------------------------------------------------------------------------------------+---------+
; File Name with User-Entered Path ; Used in Netlist ; File Type              ; File Name with Absolute Path                                                             ; Library ;
+----------------------------------+-----------------+------------------------+------------------------------------------------------------------------------------------+---------+
; contador_decadico.v              ; yes             ; User Verilog HDL File  ; C:/Users/Alysson/Documents/MeusProjetos/SSR-verilog/projeto-quartus/contador_decadico.v  ;         ;
; ff_jk.v                          ; yes             ; User Verilog HDL File  ; C:/Users/Alysson/Documents/MeusProjetos/SSR-verilog/projeto-quartus/ff_jk.v              ;         ;
; comparador_4bits.v               ; yes             ; User Verilog HDL File  ; C:/Users/Alysson/Documents/MeusProjetos/SSR-verilog/projeto-quartus/comparador_4bits.v   ;         ;
; contador_modulo2.v               ; yes             ; User Verilog HDL File  ; C:/Users/Alysson/Documents/MeusProjetos/SSR-verilog/projeto-quartus/contador_modulo2.v   ;         ;
; display_7segmentos.v             ; yes             ; User Verilog HDL File  ; C:/Users/Alysson/Documents/MeusProjetos/SSR-verilog/projeto-quartus/display_7segmentos.v ;         ;
; temporizador_3min.v              ; yes             ; User Verilog HDL File  ; C:/Users/Alysson/Documents/MeusProjetos/SSR-verilog/projeto-quartus/temporizador_3min.v  ;         ;
; contador_modulo5.v               ; yes             ; User Verilog HDL File  ; C:/Users/Alysson/Documents/MeusProjetos/SSR-verilog/projeto-quartus/contador_modulo5.v   ;         ;
; contador_modulo3.v               ; yes             ; User Verilog HDL File  ; C:/Users/Alysson/Documents/MeusProjetos/SSR-verilog/projeto-quartus/contador_modulo3.v   ;         ;
; entrada_senha.v                  ; yes             ; User Verilog HDL File  ; C:/Users/Alysson/Documents/MeusProjetos/SSR-verilog/projeto-quartus/entrada_senha.v      ;         ;
+----------------------------------+-----------------+------------------------+------------------------------------------------------------------------------------------+---------+


+-----------------------------------------------------------------------------------------+
; Analysis & Synthesis Resource Usage Summary                                             ;
+---------------------------------------------+-------------------------------------------+
; Resource                                    ; Usage                                     ;
+---------------------------------------------+-------------------------------------------+
; Estimated Total logic elements              ; 74                                        ;
;                                             ;                                           ;
; Total combinational functions               ; 74                                        ;
; Logic element usage by number of LUT inputs ;                                           ;
;     -- 4 input functions                    ; 27                                        ;
;     -- 3 input functions                    ; 14                                        ;
;     -- <=2 input functions                  ; 33                                        ;
;                                             ;                                           ;
; Logic elements by mode                      ;                                           ;
;     -- normal mode                          ; 74                                        ;
;     -- arithmetic mode                      ; 0                                         ;
;                                             ;                                           ;
; Total registers                             ; 43                                        ;
;     -- Dedicated logic registers            ; 43                                        ;
;     -- I/O registers                        ; 0                                         ;
;                                             ;                                           ;
; I/O pins                                    ; 10                                        ;
;                                             ;                                           ;
; Embedded Multiplier 9-bit elements          ; 0                                         ;
;                                             ;                                           ;
; Maximum fan-out node                        ; contador_modulo2:estado_saida|ff_jk:ff1|q ;
; Maximum fan-out                             ; 6                                         ;
; Total fan-out                               ; 343                                       ;
; Average fan-out                             ; 2.50                                      ;
+---------------------------------------------+-------------------------------------------+


+-------------------------------------------------------------------------------------------------------------------------------------------------------------------------------------------------------------------------------------------------------------------------------------------------+
; Analysis & Synthesis Resource Utilization by Entity                                                                                                                                                                                                                                             ;
+-------------------------------------------+---------------------+---------------------------+-------------+--------------+---------+-----------+------+--------------+---------------------------------------------------------------------------------------+-------------------+--------------+
; Compilation Hierarchy Node                ; Combinational ALUTs ; Dedicated Logic Registers ; Memory Bits ; DSP Elements ; DSP 9x9 ; DSP 18x18 ; Pins ; Virtual Pins ; Full Hierarchy Name                                                                   ; Entity Name       ; Library Name ;
+-------------------------------------------+---------------------+---------------------------+-------------+--------------+---------+-----------+------+--------------+---------------------------------------------------------------------------------------+-------------------+--------------+
; |entrada_senha                            ; 74 (16)             ; 43 (0)                    ; 0           ; 0            ; 0       ; 0         ; 10   ; 0            ; |entrada_senha                                                                        ; entrada_senha     ; work         ;
;    |comparador_4bits:digito3|             ; 1 (1)               ; 0 (0)                     ; 0           ; 0            ; 0       ; 0         ; 0    ; 0            ; |entrada_senha|comparador_4bits:digito3                                               ; comparador_4bits  ; work         ;
;    |contador_decadico:dig1_sistema|       ; 5 (1)               ; 4 (0)                     ; 0           ; 0            ; 0       ; 0         ; 0    ; 0            ; |entrada_senha|contador_decadico:dig1_sistema                                         ; contador_decadico ; work         ;
;       |ff_jk:ff1|                         ; 1 (1)               ; 1 (1)                     ; 0           ; 0            ; 0       ; 0         ; 0    ; 0            ; |entrada_senha|contador_decadico:dig1_sistema|ff_jk:ff1                               ; ff_jk             ; work         ;
;       |ff_jk:ff2|                         ; 1 (1)               ; 1 (1)                     ; 0           ; 0            ; 0       ; 0         ; 0    ; 0            ; |entrada_senha|contador_decadico:dig1_sistema|ff_jk:ff2                               ; ff_jk             ; work         ;
;       |ff_jk:ff3|                         ; 1 (1)               ; 1 (1)                     ; 0           ; 0            ; 0       ; 0         ; 0    ; 0            ; |entrada_senha|contador_decadico:dig1_sistema|ff_jk:ff3                               ; ff_jk             ; work         ;
;       |ff_jk:ff4|                         ; 1 (1)               ; 1 (1)                     ; 0           ; 0            ; 0       ; 0         ; 0    ; 0            ; |entrada_senha|contador_decadico:dig1_sistema|ff_jk:ff4                               ; ff_jk             ; work         ;
;    |contador_decadico:dig1_usuario|       ; 5 (1)               ; 4 (0)                     ; 0           ; 0            ; 0       ; 0         ; 0    ; 0            ; |entrada_senha|contador_decadico:dig1_usuario                                         ; contador_decadico ; work         ;
;       |ff_jk:ff1|                         ; 1 (1)               ; 1 (1)                     ; 0           ; 0            ; 0       ; 0         ; 0    ; 0            ; |entrada_senha|contador_decadico:dig1_usuario|ff_jk:ff1                               ; ff_jk             ; work         ;
;       |ff_jk:ff2|                         ; 1 (1)               ; 1 (1)                     ; 0           ; 0            ; 0       ; 0         ; 0    ; 0            ; |entrada_senha|contador_decadico:dig1_usuario|ff_jk:ff2                               ; ff_jk             ; work         ;
;       |ff_jk:ff3|                         ; 1 (1)               ; 1 (1)                     ; 0           ; 0            ; 0       ; 0         ; 0    ; 0            ; |entrada_senha|contador_decadico:dig1_usuario|ff_jk:ff3                               ; ff_jk             ; work         ;
;       |ff_jk:ff4|                         ; 1 (1)               ; 1 (1)                     ; 0           ; 0            ; 0       ; 0         ; 0    ; 0            ; |entrada_senha|contador_decadico:dig1_usuario|ff_jk:ff4                               ; ff_jk             ; work         ;
;    |contador_decadico:dig2_sistema|       ; 5 (1)               ; 4 (0)                     ; 0           ; 0            ; 0       ; 0         ; 0    ; 0            ; |entrada_senha|contador_decadico:dig2_sistema                                         ; contador_decadico ; work         ;
;       |ff_jk:ff1|                         ; 1 (1)               ; 1 (1)                     ; 0           ; 0            ; 0       ; 0         ; 0    ; 0            ; |entrada_senha|contador_decadico:dig2_sistema|ff_jk:ff1                               ; ff_jk             ; work         ;
;       |ff_jk:ff2|                         ; 1 (1)               ; 1 (1)                     ; 0           ; 0            ; 0       ; 0         ; 0    ; 0            ; |entrada_senha|contador_decadico:dig2_sistema|ff_jk:ff2                               ; ff_jk             ; work         ;
;       |ff_jk:ff3|                         ; 1 (1)               ; 1 (1)                     ; 0           ; 0            ; 0       ; 0         ; 0    ; 0            ; |entrada_senha|contador_decadico:dig2_sistema|ff_jk:ff3                               ; ff_jk             ; work         ;
;       |ff_jk:ff4|                         ; 1 (1)               ; 1 (1)                     ; 0           ; 0            ; 0       ; 0         ; 0    ; 0            ; |entrada_senha|contador_decadico:dig2_sistema|ff_jk:ff4                               ; ff_jk             ; work         ;
;    |contador_decadico:dig2_usuario|       ; 5 (1)               ; 4 (0)                     ; 0           ; 0            ; 0       ; 0         ; 0    ; 0            ; |entrada_senha|contador_decadico:dig2_usuario                                         ; contador_decadico ; work         ;
;       |ff_jk:ff1|                         ; 1 (1)               ; 1 (1)                     ; 0           ; 0            ; 0       ; 0         ; 0    ; 0            ; |entrada_senha|contador_decadico:dig2_usuario|ff_jk:ff1                               ; ff_jk             ; work         ;
;       |ff_jk:ff2|                         ; 1 (1)               ; 1 (1)                     ; 0           ; 0            ; 0       ; 0         ; 0    ; 0            ; |entrada_senha|contador_decadico:dig2_usuario|ff_jk:ff2                               ; ff_jk             ; work         ;
;       |ff_jk:ff3|                         ; 1 (1)               ; 1 (1)                     ; 0           ; 0            ; 0       ; 0         ; 0    ; 0            ; |entrada_senha|contador_decadico:dig2_usuario|ff_jk:ff3                               ; ff_jk             ; work         ;
;       |ff_jk:ff4|                         ; 1 (1)               ; 1 (1)                     ; 0           ; 0            ; 0       ; 0         ; 0    ; 0            ; |entrada_senha|contador_decadico:dig2_usuario|ff_jk:ff4                               ; ff_jk             ; work         ;
;    |contador_decadico:dig3_sistema|       ; 5 (1)               ; 4 (0)                     ; 0           ; 0            ; 0       ; 0         ; 0    ; 0            ; |entrada_senha|contador_decadico:dig3_sistema                                         ; contador_decadico ; work         ;
;       |ff_jk:ff1|                         ; 1 (1)               ; 1 (1)                     ; 0           ; 0            ; 0       ; 0         ; 0    ; 0            ; |entrada_senha|contador_decadico:dig3_sistema|ff_jk:ff1                               ; ff_jk             ; work         ;
;       |ff_jk:ff2|                         ; 1 (1)               ; 1 (1)                     ; 0           ; 0            ; 0       ; 0         ; 0    ; 0            ; |entrada_senha|contador_decadico:dig3_sistema|ff_jk:ff2                               ; ff_jk             ; work         ;
;       |ff_jk:ff3|                         ; 1 (1)               ; 1 (1)                     ; 0           ; 0            ; 0       ; 0         ; 0    ; 0            ; |entrada_senha|contador_decadico:dig3_sistema|ff_jk:ff3                               ; ff_jk             ; work         ;
;       |ff_jk:ff4|                         ; 1 (1)               ; 1 (1)                     ; 0           ; 0            ; 0       ; 0         ; 0    ; 0            ; |entrada_senha|contador_decadico:dig3_sistema|ff_jk:ff4                               ; ff_jk             ; work         ;
;    |contador_decadico:dig3_usuario|       ; 5 (1)               ; 4 (0)                     ; 0           ; 0            ; 0       ; 0         ; 0    ; 0            ; |entrada_senha|contador_decadico:dig3_usuario                                         ; contador_decadico ; work         ;
;       |ff_jk:ff1|                         ; 1 (1)               ; 1 (1)                     ; 0           ; 0            ; 0       ; 0         ; 0    ; 0            ; |entrada_senha|contador_decadico:dig3_usuario|ff_jk:ff1                               ; ff_jk             ; work         ;
;       |ff_jk:ff2|                         ; 1 (1)               ; 1 (1)                     ; 0           ; 0            ; 0       ; 0         ; 0    ; 0            ; |entrada_senha|contador_decadico:dig3_usuario|ff_jk:ff2                               ; ff_jk             ; work         ;
;       |ff_jk:ff3|                         ; 1 (1)               ; 1 (1)                     ; 0           ; 0            ; 0       ; 0         ; 0    ; 0            ; |entrada_senha|contador_decadico:dig3_usuario|ff_jk:ff3                               ; ff_jk             ; work         ;
;       |ff_jk:ff4|                         ; 1 (1)               ; 1 (1)                     ; 0           ; 0            ; 0       ; 0         ; 0    ; 0            ; |entrada_senha|contador_decadico:dig3_usuario|ff_jk:ff4                               ; ff_jk             ; work         ;
;    |contador_decadico:dig4_sistema|       ; 5 (1)               ; 4 (0)                     ; 0           ; 0            ; 0       ; 0         ; 0    ; 0            ; |entrada_senha|contador_decadico:dig4_sistema                                         ; contador_decadico ; work         ;
;       |ff_jk:ff1|                         ; 1 (1)               ; 1 (1)                     ; 0           ; 0            ; 0       ; 0         ; 0    ; 0            ; |entrada_senha|contador_decadico:dig4_sistema|ff_jk:ff1                               ; ff_jk             ; work         ;
;       |ff_jk:ff2|                         ; 1 (1)               ; 1 (1)                     ; 0           ; 0            ; 0       ; 0         ; 0    ; 0            ; |entrada_senha|contador_decadico:dig4_sistema|ff_jk:ff2                               ; ff_jk             ; work         ;
;       |ff_jk:ff3|                         ; 1 (1)               ; 1 (1)                     ; 0           ; 0            ; 0       ; 0         ; 0    ; 0            ; |entrada_senha|contador_decadico:dig4_sistema|ff_jk:ff3                               ; ff_jk             ; work         ;
;       |ff_jk:ff4|                         ; 1 (1)               ; 1 (1)                     ; 0           ; 0            ; 0       ; 0         ; 0    ; 0            ; |entrada_senha|contador_decadico:dig4_sistema|ff_jk:ff4                               ; ff_jk             ; work         ;
;    |contador_decadico:dig4_usuario|       ; 5 (1)               ; 4 (0)                     ; 0           ; 0            ; 0       ; 0         ; 0    ; 0            ; |entrada_senha|contador_decadico:dig4_usuario                                         ; contador_decadico ; work         ;
;       |ff_jk:ff1|                         ; 1 (1)               ; 1 (1)                     ; 0           ; 0            ; 0       ; 0         ; 0    ; 0            ; |entrada_senha|contador_decadico:dig4_usuario|ff_jk:ff1                               ; ff_jk             ; work         ;
;       |ff_jk:ff2|                         ; 1 (1)               ; 1 (1)                     ; 0           ; 0            ; 0       ; 0         ; 0    ; 0            ; |entrada_senha|contador_decadico:dig4_usuario|ff_jk:ff2                               ; ff_jk             ; work         ;
;       |ff_jk:ff3|                         ; 1 (1)               ; 1 (1)                     ; 0           ; 0            ; 0       ; 0         ; 0    ; 0            ; |entrada_senha|contador_decadico:dig4_usuario|ff_jk:ff3                               ; ff_jk             ; work         ;
;       |ff_jk:ff4|                         ; 1 (1)               ; 1 (1)                     ; 0           ; 0            ; 0       ; 0         ; 0    ; 0            ; |entrada_senha|contador_decadico:dig4_usuario|ff_jk:ff4                               ; ff_jk             ; work         ;
;    |contador_modulo2:estado_saida|        ; 1 (0)               ; 1 (0)                     ; 0           ; 0            ; 0       ; 0         ; 0    ; 0            ; |entrada_senha|contador_modulo2:estado_saida                                          ; contador_modulo2  ; work         ;
;       |ff_jk:ff1|                         ; 1 (1)               ; 1 (1)                     ; 0           ; 0            ; 0       ; 0         ; 0    ; 0            ; |entrada_senha|contador_modulo2:estado_saida|ff_jk:ff1                                ; ff_jk             ; work         ;
;    |temporizador_3min:espera_habilitador| ; 16 (3)              ; 10 (0)                    ; 0           ; 0            ; 0       ; 0         ; 0    ; 0            ; |entrada_senha|temporizador_3min:espera_habilitador                                   ; temporizador_3min ; work         ;
;       |contador_decadico:mod10|           ; 5 (1)               ; 4 (0)                     ; 0           ; 0            ; 0       ; 0         ; 0    ; 0            ; |entrada_senha|temporizador_3min:espera_habilitador|contador_decadico:mod10           ; contador_decadico ; work         ;
;          |ff_jk:ff1|                      ; 1 (1)               ; 1 (1)                     ; 0           ; 0            ; 0       ; 0         ; 0    ; 0            ; |entrada_senha|temporizador_3min:espera_habilitador|contador_decadico:mod10|ff_jk:ff1 ; ff_jk             ; work         ;
;          |ff_jk:ff2|                      ; 1 (1)               ; 1 (1)                     ; 0           ; 0            ; 0       ; 0         ; 0    ; 0            ; |entrada_senha|temporizador_3min:espera_habilitador|contador_decadico:mod10|ff_jk:ff2 ; ff_jk             ; work         ;
;          |ff_jk:ff3|                      ; 1 (1)               ; 1 (1)                     ; 0           ; 0            ; 0       ; 0         ; 0    ; 0            ; |entrada_senha|temporizador_3min:espera_habilitador|contador_decadico:mod10|ff_jk:ff3 ; ff_jk             ; work         ;
;          |ff_jk:ff4|                      ; 1 (1)               ; 1 (1)                     ; 0           ; 0            ; 0       ; 0         ; 0    ; 0            ; |entrada_senha|temporizador_3min:espera_habilitador|contador_decadico:mod10|ff_jk:ff4 ; ff_jk             ; work         ;
;       |contador_modulo2:mod2|             ; 1 (0)               ; 1 (0)                     ; 0           ; 0            ; 0       ; 0         ; 0    ; 0            ; |entrada_senha|temporizador_3min:espera_habilitador|contador_modulo2:mod2             ; contador_modulo2  ; work         ;
;          |ff_jk:ff1|                      ; 1 (1)               ; 1 (1)                     ; 0           ; 0            ; 0       ; 0         ; 0    ; 0            ; |entrada_senha|temporizador_3min:espera_habilitador|contador_modulo2:mod2|ff_jk:ff1   ; ff_jk             ; work         ;
;       |contador_modulo3:mod3|             ; 3 (1)               ; 2 (0)                     ; 0           ; 0            ; 0       ; 0         ; 0    ; 0            ; |entrada_senha|temporizador_3min:espera_habilitador|contador_modulo3:mod3             ; contador_modulo3  ; work         ;
;          |ff_jk:ff1|                      ; 1 (1)               ; 1 (1)                     ; 0           ; 0            ; 0       ; 0         ; 0    ; 0            ; |entrada_senha|temporizador_3min:espera_habilitador|contador_modulo3:mod3|ff_jk:ff1   ; ff_jk             ; work         ;
;          |ff_jk:ff2|                      ; 1 (1)               ; 1 (1)                     ; 0           ; 0            ; 0       ; 0         ; 0    ; 0            ; |entrada_senha|temporizador_3min:espera_habilitador|contador_modulo3:mod3|ff_jk:ff2   ; ff_jk             ; work         ;
;       |contador_modulo5:mod5|             ; 4 (1)               ; 3 (0)                     ; 0           ; 0            ; 0       ; 0         ; 0    ; 0            ; |entrada_senha|temporizador_3min:espera_habilitador|contador_modulo5:mod5             ; contador_modulo5  ; work         ;
;          |ff_jk:ff1|                      ; 1 (1)               ; 1 (1)                     ; 0           ; 0            ; 0       ; 0         ; 0    ; 0            ; |entrada_senha|temporizador_3min:espera_habilitador|contador_modulo5:mod5|ff_jk:ff1   ; ff_jk             ; work         ;
;          |ff_jk:ff2|                      ; 1 (1)               ; 1 (1)                     ; 0           ; 0            ; 0       ; 0         ; 0    ; 0            ; |entrada_senha|temporizador_3min:espera_habilitador|contador_modulo5:mod5|ff_jk:ff2   ; ff_jk             ; work         ;
;          |ff_jk:ff3|                      ; 1 (1)               ; 1 (1)                     ; 0           ; 0            ; 0       ; 0         ; 0    ; 0            ; |entrada_senha|temporizador_3min:espera_habilitador|contador_modulo5:mod5|ff_jk:ff3   ; ff_jk             ; work         ;
+-------------------------------------------+---------------------+---------------------------+-------------+--------------+---------+-----------+------+--------------+---------------------------------------------------------------------------------------+-------------------+--------------+
Note: For table entries with two numbers listed, the numbers in parentheses indicate the number of resources of the given type used by the specific entity alone. The numbers listed outside of parentheses indicate the total resources of the given type used by the specific entity and all of its sub-entities in the hierarchy.


+------------------------------------------------------+
; General Register Statistics                          ;
+----------------------------------------------+-------+
; Statistic                                    ; Value ;
+----------------------------------------------+-------+
; Total registers                              ; 43    ;
; Number of registers using Synchronous Clear  ; 0     ;
; Number of registers using Synchronous Load   ; 0     ;
; Number of registers using Asynchronous Clear ; 43    ;
; Number of registers using Asynchronous Load  ; 0     ;
; Number of registers using Clock Enable       ; 0     ;
; Number of registers using Preset             ; 0     ;
+----------------------------------------------+-------+


+---------------------------------------------------------------------------------------------------------------------+
; Port Connectivity Checks: "display_7segmentos:segundos2"                                                            ;
+-----------+--------+----------+-------------------------------------------------------------------------------------+
; Port      ; Type   ; Severity ; Details                                                                             ;
+-----------+--------+----------+-------------------------------------------------------------------------------------+
; segmentos ; Output ; Info     ; Connected to dangling logic. Logic that only feeds a dangling port will be removed. ;
+-----------+--------+----------+-------------------------------------------------------------------------------------+


+---------------------------------------------------------------------------------------------------------------------+
; Port Connectivity Checks: "display_7segmentos:segundos1"                                                            ;
+-----------+--------+----------+-------------------------------------------------------------------------------------+
; Port      ; Type   ; Severity ; Details                                                                             ;
+-----------+--------+----------+-------------------------------------------------------------------------------------+
; dados[3]  ; Input  ; Info     ; Stuck at GND                                                                        ;
; segmentos ; Output ; Info     ; Connected to dangling logic. Logic that only feeds a dangling port will be removed. ;
+-----------+--------+----------+-------------------------------------------------------------------------------------+


+-----------------------------------------------------------------------------------------------------------------------+
; Port Connectivity Checks: "display_7segmentos:minutos"                                                                ;
+-------------+--------+----------+-------------------------------------------------------------------------------------+
; Port        ; Type   ; Severity ; Details                                                                             ;
+-------------+--------+----------+-------------------------------------------------------------------------------------+
; dados[3..2] ; Input  ; Info     ; Stuck at GND                                                                        ;
; segmentos   ; Output ; Info     ; Connected to dangling logic. Logic that only feeds a dangling port will be removed. ;
+-------------+--------+----------+-------------------------------------------------------------------------------------+


+---------------------------------------------------------------------------------------------------------------------------------------------------------------------------------------------------------------+
; Port Connectivity Checks: "temporizador_3min:espera_habilitador|contador_modulo3:mod3|ff_jk:ff1"                                                                                                              ;
+-------+-------+----------+------------------------------------------------------------------------------------------------------------------------------------------------------------------------------------+
; Port  ; Type  ; Severity ; Details                                                                                                                                                                            ;
+-------+-------+----------+------------------------------------------------------------------------------------------------------------------------------------------------------------------------------------+
; j     ; Input ; Warning  ; Input port expression (32 bits) is wider than the input port (1 bits) it drives.  The 31 most-significant bit(s) in the expression will be dangling if they have no other fanouts. ;
; j[-1] ; Input ; Info     ; Stuck at VCC                                                                                                                                                                       ;
; k     ; Input ; Warning  ; Input port expression (32 bits) is wider than the input port (1 bits) it drives.  The 31 most-significant bit(s) in the expression will be dangling if they have no other fanouts. ;
; k[-1] ; Input ; Info     ; Stuck at VCC                                                                                                                                                                       ;
+-------+-------+----------+------------------------------------------------------------------------------------------------------------------------------------------------------------------------------------+


+---------------------------------------------------------------------------------------------------------------------------------------------------------------------------------------------------------------+
; Port Connectivity Checks: "temporizador_3min:espera_habilitador|contador_modulo5:mod5|ff_jk:ff1"                                                                                                              ;
+-------+-------+----------+------------------------------------------------------------------------------------------------------------------------------------------------------------------------------------+
; Port  ; Type  ; Severity ; Details                                                                                                                                                                            ;
+-------+-------+----------+------------------------------------------------------------------------------------------------------------------------------------------------------------------------------------+
; j     ; Input ; Warning  ; Input port expression (32 bits) is wider than the input port (1 bits) it drives.  The 31 most-significant bit(s) in the expression will be dangling if they have no other fanouts. ;
; j[-1] ; Input ; Info     ; Stuck at VCC                                                                                                                                                                       ;
; k     ; Input ; Warning  ; Input port expression (32 bits) is wider than the input port (1 bits) it drives.  The 31 most-significant bit(s) in the expression will be dangling if they have no other fanouts. ;
; k[-1] ; Input ; Info     ; Stuck at VCC                                                                                                                                                                       ;
+-------+-------+----------+------------------------------------------------------------------------------------------------------------------------------------------------------------------------------------+


+---------------------------------------------------------------------------------------------------------------------------------------------------------------------------------------------------------------+
; Port Connectivity Checks: "contador_modulo2:estado_saida|ff_jk:ff1"                                                                                                                                           ;
+-------+-------+----------+------------------------------------------------------------------------------------------------------------------------------------------------------------------------------------+
; Port  ; Type  ; Severity ; Details                                                                                                                                                                            ;
+-------+-------+----------+------------------------------------------------------------------------------------------------------------------------------------------------------------------------------------+
; j     ; Input ; Warning  ; Input port expression (32 bits) is wider than the input port (1 bits) it drives.  The 31 most-significant bit(s) in the expression will be dangling if they have no other fanouts. ;
; j[-1] ; Input ; Info     ; Stuck at VCC                                                                                                                                                                       ;
; k     ; Input ; Warning  ; Input port expression (32 bits) is wider than the input port (1 bits) it drives.  The 31 most-significant bit(s) in the expression will be dangling if they have no other fanouts. ;
; k[-1] ; Input ; Info     ; Stuck at VCC                                                                                                                                                                       ;
+-------+-------+----------+------------------------------------------------------------------------------------------------------------------------------------------------------------------------------------+


+------------------------------------------------------------+
; Port Connectivity Checks: "contador_decadico:dig4_sistema" ;
+-------+-------+----------+---------------------------------+
; Port  ; Type  ; Severity ; Details                         ;
+-------+-------+----------+---------------------------------+
; clear ; Input ; Info     ; Stuck at GND                    ;
+-------+-------+----------+---------------------------------+


+---------------------------------------------------------------------------------------------------------------------+
; Port Connectivity Checks: "display_7segmentos:dig4_display"                                                         ;
+-----------+--------+----------+-------------------------------------------------------------------------------------+
; Port      ; Type   ; Severity ; Details                                                                             ;
+-----------+--------+----------+-------------------------------------------------------------------------------------+
; segmentos ; Output ; Info     ; Connected to dangling logic. Logic that only feeds a dangling port will be removed. ;
+-----------+--------+----------+-------------------------------------------------------------------------------------+


+------------------------------------------------------------+
; Port Connectivity Checks: "contador_decadico:dig3_sistema" ;
+-------+-------+----------+---------------------------------+
; Port  ; Type  ; Severity ; Details                         ;
+-------+-------+----------+---------------------------------+
; clear ; Input ; Info     ; Stuck at GND                    ;
+-------+-------+----------+---------------------------------+


+---------------------------------------------------------------------------------------------------------------------+
; Port Connectivity Checks: "display_7segmentos:dig3_display"                                                         ;
+-----------+--------+----------+-------------------------------------------------------------------------------------+
; Port      ; Type   ; Severity ; Details                                                                             ;
+-----------+--------+----------+-------------------------------------------------------------------------------------+
; segmentos ; Output ; Info     ; Connected to dangling logic. Logic that only feeds a dangling port will be removed. ;
+-----------+--------+----------+-------------------------------------------------------------------------------------+


+------------------------------------------------------------+
; Port Connectivity Checks: "contador_decadico:dig2_sistema" ;
+-------+-------+----------+---------------------------------+
; Port  ; Type  ; Severity ; Details                         ;
+-------+-------+----------+---------------------------------+
; clear ; Input ; Info     ; Stuck at GND                    ;
+-------+-------+----------+---------------------------------+


+---------------------------------------------------------------------------------------------------------------------+
; Port Connectivity Checks: "display_7segmentos:dig2_display"                                                         ;
+-----------+--------+----------+-------------------------------------------------------------------------------------+
; Port      ; Type   ; Severity ; Details                                                                             ;
+-----------+--------+----------+-------------------------------------------------------------------------------------+
; segmentos ; Output ; Info     ; Connected to dangling logic. Logic that only feeds a dangling port will be removed. ;
+-----------+--------+----------+-------------------------------------------------------------------------------------+


+------------------------------------------------------------+
; Port Connectivity Checks: "contador_decadico:dig1_sistema" ;
+-------+-------+----------+---------------------------------+
; Port  ; Type  ; Severity ; Details                         ;
+-------+-------+----------+---------------------------------+
; clear ; Input ; Info     ; Stuck at GND                    ;
+-------+-------+----------+---------------------------------+


+---------------------------------------------------------------------------------------------------------------------+
; Port Connectivity Checks: "display_7segmentos:dig1_display"                                                         ;
+-----------+--------+----------+-------------------------------------------------------------------------------------+
; Port      ; Type   ; Severity ; Details                                                                             ;
+-----------+--------+----------+-------------------------------------------------------------------------------------+
; segmentos ; Output ; Info     ; Connected to dangling logic. Logic that only feeds a dangling port will be removed. ;
+-----------+--------+----------+-------------------------------------------------------------------------------------+


+---------------------------------------------------------------------------------------------------------------------------------------------------------------------------------------------------------------+
; Port Connectivity Checks: "contador_decadico:dig1_usuario|ff_jk:ff1"                                                                                                                                          ;
+-------+-------+----------+------------------------------------------------------------------------------------------------------------------------------------------------------------------------------------+
; Port  ; Type  ; Severity ; Details                                                                                                                                                                            ;
+-------+-------+----------+------------------------------------------------------------------------------------------------------------------------------------------------------------------------------------+
; j     ; Input ; Warning  ; Input port expression (32 bits) is wider than the input port (1 bits) it drives.  The 31 most-significant bit(s) in the expression will be dangling if they have no other fanouts. ;
; j[-1] ; Input ; Info     ; Stuck at VCC                                                                                                                                                                       ;
; k     ; Input ; Warning  ; Input port expression (32 bits) is wider than the input port (1 bits) it drives.  The 31 most-significant bit(s) in the expression will be dangling if they have no other fanouts. ;
; k[-1] ; Input ; Info     ; Stuck at VCC                                                                                                                                                                       ;
+-------+-------+----------+------------------------------------------------------------------------------------------------------------------------------------------------------------------------------------+


+-----------------------------------------------------+
; Post-Synthesis Netlist Statistics for Top Partition ;
+-----------------------+-----------------------------+
; Type                  ; Count                       ;
+-----------------------+-----------------------------+
; boundary_port         ; 10                          ;
; cycloneiii_ff         ; 43                          ;
;     CLR               ; 43                          ;
; cycloneiii_lcell_comb ; 74                          ;
;     normal            ; 74                          ;
;         1 data inputs ; 13                          ;
;         2 data inputs ; 20                          ;
;         3 data inputs ; 14                          ;
;         4 data inputs ; 27                          ;
;                       ;                             ;
; Max LUT depth         ; 4.00                        ;
; Average LUT depth     ; 2.00                        ;
+-----------------------+-----------------------------+


+-------------------------------+
; Elapsed Time Per Partition    ;
+----------------+--------------+
; Partition Name ; Elapsed Time ;
+----------------+--------------+
; Top            ; 00:00:03     ;
+----------------+--------------+


+-------------------------------+
; Analysis & Synthesis Messages ;
+-------------------------------+
Info: *******************************************************************
Info: Running Quartus Prime Analysis & Synthesis
    Info: Version 20.1.0 Build 711 06/05/2020 SJ Lite Edition
    Info: Processing started: Fri Dec 04 10:20:38 2020
Info: Command: quartus_map --read_settings_files=on --write_settings_files=off ssr-verilog -c ssr-verilog
Warning (18236): Number of processors has not been specified which may cause overloading on shared machines.  Set the global assignment NUM_PARALLEL_PROCESSORS in your QSF to an appropriate value for best performance.
Info (20030): Parallel compilation is enabled and will use 2 of the 2 processors detected
Info (12021): Found 1 design units, including 1 entities, in source file contador_decadico.v
    Info (12023): Found entity 1: contador_decadico File: C:/Users/Alysson/Documents/MeusProjetos/SSR-verilog/projeto-quartus/contador_decadico.v Line: 2
Info (12021): Found 1 design units, including 1 entities, in source file ff_jk.v
    Info (12023): Found entity 1: ff_jk File: C:/Users/Alysson/Documents/MeusProjetos/SSR-verilog/projeto-quartus/ff_jk.v Line: 2
Info (12021): Found 1 design units, including 1 entities, in source file comparador_4bits.v
    Info (12023): Found entity 1: comparador_4bits File: C:/Users/Alysson/Documents/MeusProjetos/SSR-verilog/projeto-quartus/comparador_4bits.v Line: 2
Info (12021): Found 1 design units, including 1 entities, in source file contador_modulo2.v
    Info (12023): Found entity 1: contador_modulo2 File: C:/Users/Alysson/Documents/MeusProjetos/SSR-verilog/projeto-quartus/contador_modulo2.v Line: 2
Info (12021): Found 1 design units, including 1 entities, in source file display_7segmentos.v
    Info (12023): Found entity 1: display_7segmentos File: C:/Users/Alysson/Documents/MeusProjetos/SSR-verilog/projeto-quartus/display_7segmentos.v Line: 2
Info (12021): Found 1 design units, including 1 entities, in source file temporizador_3min.v
    Info (12023): Found entity 1: temporizador_3min File: C:/Users/Alysson/Documents/MeusProjetos/SSR-verilog/projeto-quartus/temporizador_3min.v Line: 2
Info (12021): Found 1 design units, including 1 entities, in source file contador_modulo5.v
    Info (12023): Found entity 1: contador_modulo5 File: C:/Users/Alysson/Documents/MeusProjetos/SSR-verilog/projeto-quartus/contador_modulo5.v Line: 2
Info (12021): Found 1 design units, including 1 entities, in source file contador_modulo3.v
    Info (12023): Found entity 1: contador_modulo3 File: C:/Users/Alysson/Documents/MeusProjetos/SSR-verilog/projeto-quartus/contador_modulo3.v Line: 2
Info (12021): Found 1 design units, including 1 entities, in source file entrada_senha.v
    Info (12023): Found entity 1: entrada_senha File: C:/Users/Alysson/Documents/MeusProjetos/SSR-verilog/projeto-quartus/entrada_senha.v Line: 2
Info (12127): Elaborating entity "entrada_senha" for the top level hierarchy
Info (12128): Elaborating entity "contador_decadico" for hierarchy "contador_decadico:dig1_usuario" File: C:/Users/Alysson/Documents/MeusProjetos/SSR-verilog/projeto-quartus/entrada_senha.v Line: 14
Info (12128): Elaborating entity "ff_jk" for hierarchy "contador_decadico:dig1_usuario|ff_jk:ff1" File: C:/Users/Alysson/Documents/MeusProjetos/SSR-verilog/projeto-quartus/contador_decadico.v Line: 15
Info (12128): Elaborating entity "display_7segmentos" for hierarchy "display_7segmentos:dig1_display" File: C:/Users/Alysson/Documents/MeusProjetos/SSR-verilog/projeto-quartus/entrada_senha.v Line: 15
Info (12128): Elaborating entity "comparador_4bits" for hierarchy "comparador_4bits:digito1" File: C:/Users/Alysson/Documents/MeusProjetos/SSR-verilog/projeto-quartus/entrada_senha.v Line: 18
Info (12128): Elaborating entity "contador_modulo2" for hierarchy "contador_modulo2:estado_saida" File: C:/Users/Alysson/Documents/MeusProjetos/SSR-verilog/projeto-quartus/entrada_senha.v Line: 54
Info (12128): Elaborating entity "temporizador_3min" for hierarchy "temporizador_3min:espera_habilitador" File: C:/Users/Alysson/Documents/MeusProjetos/SSR-verilog/projeto-quartus/entrada_senha.v Line: 59
Info (12128): Elaborating entity "contador_modulo5" for hierarchy "temporizador_3min:espera_habilitador|contador_modulo5:mod5" File: C:/Users/Alysson/Documents/MeusProjetos/SSR-verilog/projeto-quartus/temporizador_3min.v Line: 18
Info (12128): Elaborating entity "contador_modulo3" for hierarchy "temporizador_3min:espera_habilitador|contador_modulo3:mod3" File: C:/Users/Alysson/Documents/MeusProjetos/SSR-verilog/projeto-quartus/temporizador_3min.v Line: 23
Warning (12020): Port "ordered port 2" on the entity instantiation of "ff1" is connected to a signal of width 32. The formal width of the signal in the module is 1.  The extra bits will be ignored. File: C:/Users/Alysson/Documents/MeusProjetos/SSR-verilog/projeto-quartus/contador_modulo2.v Line: 7
Warning (12020): Port "ordered port 3" on the entity instantiation of "ff1" is connected to a signal of width 32. The formal width of the signal in the module is 1.  The extra bits will be ignored. File: C:/Users/Alysson/Documents/MeusProjetos/SSR-verilog/projeto-quartus/contador_modulo2.v Line: 7
Warning (12020): Port "ordered port 2" on the entity instantiation of "ff1" is connected to a signal of width 32. The formal width of the signal in the module is 1.  The extra bits will be ignored. File: C:/Users/Alysson/Documents/MeusProjetos/SSR-verilog/projeto-quartus/contador_decadico.v Line: 15
Warning (12020): Port "ordered port 3" on the entity instantiation of "ff1" is connected to a signal of width 32. The formal width of the signal in the module is 1.  The extra bits will be ignored. File: C:/Users/Alysson/Documents/MeusProjetos/SSR-verilog/projeto-quartus/contador_decadico.v Line: 15
Warning (12020): Port "ordered port 2" on the entity instantiation of "ff1" is connected to a signal of width 32. The formal width of the signal in the module is 1.  The extra bits will be ignored. File: C:/Users/Alysson/Documents/MeusProjetos/SSR-verilog/projeto-quartus/contador_decadico.v Line: 15
Warning (12020): Port "ordered port 3" on the entity instantiation of "ff1" is connected to a signal of width 32. The formal width of the signal in the module is 1.  The extra bits will be ignored. File: C:/Users/Alysson/Documents/MeusProjetos/SSR-verilog/projeto-quartus/contador_decadico.v Line: 15
Warning (12020): Port "ordered port 2" on the entity instantiation of "ff1" is connected to a signal of width 32. The formal width of the signal in the module is 1.  The extra bits will be ignored. File: C:/Users/Alysson/Documents/MeusProjetos/SSR-verilog/projeto-quartus/contador_decadico.v Line: 15
Warning (12020): Port "ordered port 3" on the entity instantiation of "ff1" is connected to a signal of width 32. The formal width of the signal in the module is 1.  The extra bits will be ignored. File: C:/Users/Alysson/Documents/MeusProjetos/SSR-verilog/projeto-quartus/contador_decadico.v Line: 15
Warning (12020): Port "ordered port 2" on the entity instantiation of "ff1" is connected to a signal of width 32. The formal width of the signal in the module is 1.  The extra bits will be ignored. File: C:/Users/Alysson/Documents/MeusProjetos/SSR-verilog/projeto-quartus/contador_decadico.v Line: 15
Warning (12020): Port "ordered port 3" on the entity instantiation of "ff1" is connected to a signal of width 32. The formal width of the signal in the module is 1.  The extra bits will be ignored. File: C:/Users/Alysson/Documents/MeusProjetos/SSR-verilog/projeto-quartus/contador_decadico.v Line: 15
Warning (12020): Port "ordered port 2" on the entity instantiation of "ff1" is connected to a signal of width 32. The formal width of the signal in the module is 1.  The extra bits will be ignored. File: C:/Users/Alysson/Documents/MeusProjetos/SSR-verilog/projeto-quartus/contador_decadico.v Line: 15
Warning (12020): Port "ordered port 3" on the entity instantiation of "ff1" is connected to a signal of width 32. The formal width of the signal in the module is 1.  The extra bits will be ignored. File: C:/Users/Alysson/Documents/MeusProjetos/SSR-verilog/projeto-quartus/contador_decadico.v Line: 15
Warning (12020): Port "ordered port 2" on the entity instantiation of "ff1" is connected to a signal of width 32. The formal width of the signal in the module is 1.  The extra bits will be ignored. File: C:/Users/Alysson/Documents/MeusProjetos/SSR-verilog/projeto-quartus/contador_decadico.v Line: 15
Warning (12020): Port "ordered port 3" on the entity instantiation of "ff1" is connected to a signal of width 32. The formal width of the signal in the module is 1.  The extra bits will be ignored. File: C:/Users/Alysson/Documents/MeusProjetos/SSR-verilog/projeto-quartus/contador_decadico.v Line: 15
Warning (12020): Port "ordered port 2" on the entity instantiation of "ff1" is connected to a signal of width 32. The formal width of the signal in the module is 1.  The extra bits will be ignored. File: C:/Users/Alysson/Documents/MeusProjetos/SSR-verilog/projeto-quartus/contador_decadico.v Line: 15
Warning (12020): Port "ordered port 3" on the entity instantiation of "ff1" is connected to a signal of width 32. The formal width of the signal in the module is 1.  The extra bits will be ignored. File: C:/Users/Alysson/Documents/MeusProjetos/SSR-verilog/projeto-quartus/contador_decadico.v Line: 15
Warning (12020): Port "ordered port 2" on the entity instantiation of "ff1" is connected to a signal of width 32. The formal width of the signal in the module is 1.  The extra bits will be ignored. File: C:/Users/Alysson/Documents/MeusProjetos/SSR-verilog/projeto-quartus/contador_decadico.v Line: 15
Warning (12020): Port "ordered port 3" on the entity instantiation of "ff1" is connected to a signal of width 32. The formal width of the signal in the module is 1.  The extra bits will be ignored. File: C:/Users/Alysson/Documents/MeusProjetos/SSR-verilog/projeto-quartus/contador_decadico.v Line: 15
Warning (12241): 4 hierarchies have connectivity warnings - see the Connectivity Checks report folder
Info (286030): Timing-Driven Synthesis is running
Info (144001): Generated suppressed messages file C:/Users/Alysson/Documents/MeusProjetos/SSR-verilog/projeto-quartus/output_files/ssr-verilog.map.smsg
Info (16010): Generating hard_block partition "hard_block:auto_generated_inst"
    Info (16011): Adding 0 node(s), including 0 DDIO, 0 PLL, 0 transceiver and 0 LCELL
Info (21057): Implemented 84 device resources after synthesis - the final resource count might be different
    Info (21058): Implemented 9 input pins
    Info (21059): Implemented 1 output pins
    Info (21061): Implemented 74 logic cells
Info: Quartus Prime Analysis & Synthesis was successful. 0 errors, 20 warnings
    Info: Peak virtual memory: 4768 megabytes
    Info: Processing ended: Fri Dec 04 10:21:19 2020
    Info: Elapsed time: 00:00:41
    Info: Total CPU time (on all processors): 00:00:49


+------------------------------------------+
; Analysis & Synthesis Suppressed Messages ;
+------------------------------------------+
The suppressed messages can be found in C:/Users/Alysson/Documents/MeusProjetos/SSR-verilog/projeto-quartus/output_files/ssr-verilog.map.smsg.


